Unity Editor version:    2021.3.9f1 (ad3870b89536)
Branch:                  2021.3/staging
Build type:              Release
Batch mode:              YES
macOS version:           Version 12.6 (Build 21G115)
Darwin version:          21.6.0
Architecture:            x86_64
Running under Rosetta:   NO
Available memory:        32768 MB
Using pre-set license
Pro License: YES

COMMAND LINE ARGUMENTS:
/Applications/Unity/Hub/Editor/2021.3.9f1/Unity.app/Contents/MacOS/Unity
-adb2
-batchMode
-noUpm
-name
AssetImportWorker0
-projectPath
/Users/arvidrongedal/Documents/GitHub/-nnu-en/1
-logFile
Logs/AssetImportWorker0.log
-srvPort
49350
Successfully changed project path to: /Users/arvidrongedal/Documents/GitHub/-nnu-en/1
/Users/arvidrongedal/Documents/GitHub/-nnu-en/1
[UnityMemory] Configuration Parameters - Can be set up in boot.config
    "memorysetup-bucket-allocator-granularity=16"
    "memorysetup-bucket-allocator-bucket-count=8"
    "memorysetup-bucket-allocator-block-size=33554432"
    "memorysetup-bucket-allocator-block-count=8"
    "memorysetup-main-allocator-block-size=16777216"
    "memorysetup-thread-allocator-block-size=16777216"
    "memorysetup-gfx-main-allocator-block-size=16777216"
    "memorysetup-gfx-thread-allocator-block-size=16777216"
    "memorysetup-cache-allocator-block-size=4194304"
    "memorysetup-typetree-allocator-block-size=2097152"
    "memorysetup-profiler-bucket-allocator-granularity=16"
    "memorysetup-profiler-bucket-allocator-bucket-count=8"
    "memorysetup-profiler-bucket-allocator-block-size=33554432"
    "memorysetup-profiler-bucket-allocator-block-count=8"
    "memorysetup-profiler-allocator-block-size=16777216"
    "memorysetup-profiler-editor-allocator-block-size=1048576"
    "memorysetup-temp-allocator-size-main=16777216"
    "memorysetup-job-temp-allocator-block-size=2097152"
    "memorysetup-job-temp-allocator-block-size-background=1048576"
    "memorysetup-job-temp-allocator-reduction-small-platforms=262144"
    "memorysetup-temp-allocator-size-background-worker=32768"
    "memorysetup-temp-allocator-size-job-worker=262144"
    "memorysetup-temp-allocator-size-preload-manager=33554432"
    "memorysetup-temp-allocator-size-nav-mesh-worker=65536"
    "memorysetup-temp-allocator-size-audio-worker=65536"
    "memorysetup-temp-allocator-size-cloud-worker=32768"
    "memorysetup-temp-allocator-size-gi-baking-worker=262144"
    "memorysetup-temp-allocator-size-gfx=262144"
Refreshing native plugins compatible for Editor in 83.61 ms, found 2 plugins.
Preloading 0 native plugins for Editor in 0.00 ms.
Initialize engine version: 2021.3.9f1 (ad3870b89536)
[Subsystems] Discovering subsystems at path /Applications/Unity/Hub/Editor/2021.3.9f1/Unity.app/Contents/Resources/UnitySubsystems
[Subsystems] Discovering subsystems at path /Users/arvidrongedal/Documents/GitHub/-nnu-en/1/Assets
GfxDevice: creating device client; threaded=0; jobified=0
U32H85x preferred device: AMD Radeon Pro 560X (high power)
Metal devices available: 2
0: AMD Radeon Pro 560X (high power)
1: Intel(R) UHD Graphics 630 (low power)
Using device AMD Radeon Pro 560X (high power)
Initializing Metal device caps: AMD Radeon Pro 560X
Initialize mono
Mono path[0] = '/Applications/Unity/Hub/Editor/2021.3.9f1/Unity.app/Contents/Managed'
Mono path[1] = '/Applications/Unity/Hub/Editor/2021.3.9f1/Unity.app/Contents/MonoBleedingEdge/lib/mono/unityjit-macos'
Mono config path = '/Applications/Unity/Hub/Editor/2021.3.9f1/Unity.app/Contents/MonoBleedingEdge/etc'
Using monoOptions --debugger-agent=transport=dt_socket,embedding=1,server=y,suspend=n,address=127.0.0.1:56220
Begin MonoManager ReloadAssembly
Registering precompiled unity dll's ...
Register platform support module: /Applications/Unity/Hub/Editor/2021.3.9f1/Unity.app/Contents/PlaybackEngines/MacStandaloneSupport/UnityEditor.OSXStandalone.Extensions.dll
Registered in 0.000591 seconds.
Native extension for OSXStandalone target not found
Refreshing native plugins compatible for Editor in 79.49 ms, found 2 plugins.
Preloading 0 native plugins for Editor in 0.00 ms.
Mono: successfully reloaded assembly
- Completed reload, in  0.671 seconds
Domain Reload Profiling:
	ReloadAssembly (671ms)
		BeginReloadAssembly (62ms)
			ExecutionOrderSort (0ms)
			DisableScriptedObjects (0ms)
			BackupInstance (0ms)
			ReleaseScriptingObjects (0ms)
			CreateAndSetChildDomain (1ms)
		EndReloadAssembly (494ms)
			LoadAssemblies (61ms)
			RebuildTransferFunctionScriptingTraits (0ms)
			SetupTypeCache (128ms)
			ReleaseScriptCaches (0ms)
			RebuildScriptCaches (35ms)
			SetupLoadedEditorAssemblies (279ms)
				LogAssemblyErrors (0ms)
				InitializePlatformSupportModulesInManaged (7ms)
				SetLoadedEditorAssemblies (0ms)
				RefreshPlugins (80ms)
				BeforeProcessingInitializeOnLoad (1ms)
				ProcessInitializeOnLoadAttributes (146ms)
				ProcessInitializeOnLoadMethodAttributes (45ms)
				AfterProcessingInitializeOnLoad (0ms)
				EditorAssembliesLoaded (0ms)
			ExecutionOrderSort2 (0ms)
			AwakeInstancesAfterBackupRestoration (0ms)
Platform modules already initialized, skipping
Registering precompiled user dll's ...
Registered in 0.002243 seconds.
Begin MonoManager ReloadAssembly
Symbol file LoadedFromMemory doesn't match image /Users/arvidrongedal/Documents/GitHub/-nnu-en/1/Library/PackageCache/com.unity.visualscripting@1.7.8/Editor/VisualScripting.Core/Dependencies/YamlDotNet/Unity.VisualScripting.YamlDotNet.dll
Symbol file LoadedFromMemory doesn't match image /Users/arvidrongedal/Documents/GitHub/-nnu-en/1/Library/PackageCache/com.unity.visualscripting@1.7.8/Editor/VisualScripting.Core/Dependencies/DotNetZip/Unity.VisualScripting.IonicZip.dll
Native extension for OSXStandalone target not found
Refreshing native plugins compatible for Editor in 0.48 ms, found 2 plugins.
Preloading 0 native plugins for Editor in 0.00 ms.
Mono: successfully reloaded assembly
- Completed reload, in  1.130 seconds
Domain Reload Profiling:
	ReloadAssembly (1130ms)
		BeginReloadAssembly (118ms)
			ExecutionOrderSort (0ms)
			DisableScriptedObjects (6ms)
			BackupInstance (0ms)
			ReleaseScriptingObjects (0ms)
			CreateAndSetChildDomain (31ms)
		EndReloadAssembly (879ms)
			LoadAssemblies (90ms)
			RebuildTransferFunctionScriptingTraits (0ms)
			SetupTypeCache (302ms)
			ReleaseScriptCaches (1ms)
			RebuildScriptCaches (54ms)
			SetupLoadedEditorAssemblies (392ms)
				LogAssemblyErrors (0ms)
				InitializePlatformSupportModulesInManaged (4ms)
				SetLoadedEditorAssemblies (0ms)
				RefreshPlugins (1ms)
				BeforeProcessingInitializeOnLoad (75ms)
				ProcessInitializeOnLoadAttributes (282ms)
				ProcessInitializeOnLoadMethodAttributes (28ms)
				AfterProcessingInitializeOnLoad (2ms)
				EditorAssembliesLoaded (0ms)
			ExecutionOrderSort2 (0ms)
			AwakeInstancesAfterBackupRestoration (4ms)
Platform modules already initialized, skipping
========================================================================
Worker process is ready to serve import requests
Launching external process: /Applications/Unity/Hub/Editor/2021.3.9f1/Unity.app/Contents/Tools/UnityShaderCompiler
Launched and connected shader compiler UnityShaderCompiler after 0.06 seconds
Refreshing native plugins compatible for Editor in 0.52 ms, found 2 plugins.
Preloading 0 native plugins for Editor in 0.00 ms.
Unloading 3380 Unused Serialized files (Serialized files now loaded: 0)
Unloading 27 unused Assets / (94.7 KB). Loaded Objects now: 3837.
Memory consumption went from 229.8 MB to 229.7 MB.
Total: 3.573811 ms (FindLiveObjects: 0.302887 ms CreateObjectMapping: 0.217407 ms MarkObjects: 2.947278 ms  DeleteObjects: 0.105294 ms)

AssetImportParameters requested are different than current active one (requested -> active):
  custom:video-decoder-ogg-theora: a1e56fd34408186e4bbccfd4996cb3dc -> 
  custom:container-muxer-webm: aa71ff27fc2769a1b78a27578f13a17b -> 
  custom:container-demuxer-webm: 4f35f7cbe854078d1ac9338744f61a02 -> 
  custom:video-encoder-webm-vp8: eb34c28f22e8b96e1ab97ce403110664 -> 
  custom:framework-osx-AVFoundation: e770b220cccbd017edd2c1fefb359320 -> 
  custom:audio-encoder-webm-vorbis: bf7c407c2cedff20999df2af8eb42d56 -> 
  custom:container-demuxer-ogg: 62fdf1f143b41e24485cea50d1cbac27 -> 
  custom:video-decoder-webm-vp8: 9c59270c3fd7afecdb556c50c9e8de78 -> 
  custom:audio-decoder-ogg-vorbis: bf7c407c2cedff20999df2af8eb42d56 -> 
========================================================================
Received Import Request.
  Time since last request: 7724.299475 seconds.
  path: Assets/Kulle.obj
  artifactKey: Guid(37c80d348c8e646debf2b52128d763e1) Importer(815301076,1909f56bfc062723c751e8b465ee728b)
Start importing Assets/Kulle.obj using Guid(37c80d348c8e646debf2b52128d763e1) Importer(815301076,1909f56bfc062723c751e8b465ee728b)  -> (artifact id: '39c8f1adb73daf70c5d7f1a3c6047af5') in 0.684689 seconds 
========================================================================
Received Import Request.
  Time since last request: 103.392823 seconds.
  path: Assets/Kulle.fbx
  artifactKey: Guid(6e477f6c97f0b411a97d1e6cddbb6b44) Importer(815301076,1909f56bfc062723c751e8b465ee728b)
Start importing Assets/Kulle.fbx using Guid(6e477f6c97f0b411a97d1e6cddbb6b44) Importer(815301076,1909f56bfc062723c751e8b465ee728b)  -> (artifact id: 'f1f5612b91b873b7143beb98ac8e2a85') in 1.227495 seconds 
========================================================================
Received Import Request.
  Time since last request: 35.848217 seconds.
  path: Assets/Gräs.mat
  artifactKey: Guid(df7febe2a0d6e4fff8a38dfdf31e4185) Importer(815301076,1909f56bfc062723c751e8b465ee728b)
Start importing Assets/Gräs.mat using Guid(df7febe2a0d6e4fff8a38dfdf31e4185) Importer(815301076,1909f56bfc062723c751e8b465ee728b)  -> (artifact id: '8d06682ee9e73896836daed337b23532') in 0.322219 seconds 
========================================================================
Received Import Request.
  Time since last request: 18.995484 seconds.
  path: Assets/Kulle.fbx
  artifactKey: Guid(6e477f6c97f0b411a97d1e6cddbb6b44) Importer(815301076,1909f56bfc062723c751e8b465ee728b)
Start importing Assets/Kulle.fbx using Guid(6e477f6c97f0b411a97d1e6cddbb6b44) Importer(815301076,1909f56bfc062723c751e8b465ee728b)  -> (artifact id: '914e9418694cbb51a7447facf1c33bec') in 0.110801 seconds 
========================================================================
Received Import Request.
  Time since last request: 41.906081 seconds.
  path: Assets/Hus.fbx
  artifactKey: Guid(446ccb6d29dd943feac9cb21c95363d3) Importer(815301076,1909f56bfc062723c751e8b465ee728b)
Start importing Assets/Hus.fbx using Guid(446ccb6d29dd943feac9cb21c95363d3) Importer(815301076,1909f56bfc062723c751e8b465ee728b)  -> (artifact id: 'a4fcbc4501d90f3259ef7be251890002') in 0.085275 seconds 
========================================================================
Received Import Request.
  Time since last request: 194.331705 seconds.
  path: Assets/Plane.prefab
  artifactKey: Guid(97b2d3c9009fd4ddc9625c29cdfe4348) Importer(815301076,1909f56bfc062723c751e8b465ee728b)
Start importing Assets/Plane.prefab using Guid(97b2d3c9009fd4ddc9625c29cdfe4348) Importer(815301076,1909f56bfc062723c751e8b465ee728b)  -> (artifact id: '572ae105fb6ba2287cee64d4c44475e8') in 0.257578 seconds 
========================================================================
Received Import Request.
  Time since last request: 27.283610 seconds.
  path: Assets/Plane.prefab
  artifactKey: Guid(97b2d3c9009fd4ddc9625c29cdfe4348) Importer(815301076,1909f56bfc062723c751e8b465ee728b)
Start importing Assets/Plane.prefab using Guid(97b2d3c9009fd4ddc9625c29cdfe4348) Importer(815301076,1909f56bfc062723c751e8b465ee728b)  -> (artifact id: 'e8e51551c372f290c38b7fb05d14127b') in 0.051126 seconds 
========================================================================
Received Import Request.
  Time since last request: 654.172810 seconds.
  path: Assets/Ground.fbx
  artifactKey: Guid(5556c2e098c8347c5ad38c5322721746) Importer(815301076,1909f56bfc062723c751e8b465ee728b)
Start importing Assets/Ground.fbx using Guid(5556c2e098c8347c5ad38c5322721746) Importer(815301076,1909f56bfc062723c751e8b465ee728b)  -> (artifact id: '34c8f706aacdac3eb35729d72e97918e') in 0.120815 seconds 
========================================================================
Received Import Request.
  Time since last request: 39.530846 seconds.
  path: Assets/depositphotos_27472401-stock-photo-green-grass-texture.jpeg
  artifactKey: Guid(c9fed981abbdd4a958d342d1a042d3ea) Importer(815301076,1909f56bfc062723c751e8b465ee728b)
Start importing Assets/depositphotos_27472401-stock-photo-green-grass-texture.jpeg using Guid(c9fed981abbdd4a958d342d1a042d3ea) Importer(815301076,1909f56bfc062723c751e8b465ee728b)  -> (artifact id: 'fe0f26925ceb8c3c9c953ac689783fa2') in 0.219439 seconds 
========================================================================
Received Import Request.
  Time since last request: 1504.455321 seconds.
  path: Assets/Big Tree.fbx
  artifactKey: Guid(2f3e55e15ecdb4495b04888df4d97b90) Importer(815301076,1909f56bfc062723c751e8b465ee728b)
Start importing Assets/Big Tree.fbx using Guid(2f3e55e15ecdb4495b04888df4d97b90) Importer(815301076,1909f56bfc062723c751e8b465ee728b)  -> (artifact id: 'da23464b85191ad1a1e74b48d9b295b5') in 0.218322 seconds 
========================================================================
Received Import Request.
  Time since last request: 28.967833 seconds.
  path: Assets/1000_F_181316873_O3a3zNMxlet43DWNJ6ubBBwiTm6D3sAI.jpeg
  artifactKey: Guid(f4e9257b387ab4c7b9aa1464c77ba9fe) Importer(815301076,1909f56bfc062723c751e8b465ee728b)
Start importing Assets/1000_F_181316873_O3a3zNMxlet43DWNJ6ubBBwiTm6D3sAI.jpeg using Guid(f4e9257b387ab4c7b9aa1464c77ba9fe) Importer(815301076,1909f56bfc062723c751e8b465ee728b)  -> (artifact id: '2204f486dd429b0ec72ee5c8f061fc05') in 0.053125 seconds 
========================================================================
Received Import Request.
  Time since last request: 10.998047 seconds.
  path: Assets/Big Tree.jpeg
  artifactKey: Guid(f4e9257b387ab4c7b9aa1464c77ba9fe) Importer(815301076,1909f56bfc062723c751e8b465ee728b)
Start importing Assets/Big Tree.jpeg using Guid(f4e9257b387ab4c7b9aa1464c77ba9fe) Importer(815301076,1909f56bfc062723c751e8b465ee728b)  -> (artifact id: 'afa84fcbf3ff353a508188dcd2f742c6') in 0.059140 seconds 
